0 info it worked if it ends with ok
1 verbose cli [ 'C:\\Program Files\\nodejs\\node.exe',
1 verbose cli   'C:\\Program Files\\nodejs\\node_modules\\npm\\bin\\npm-cli.js',
1 verbose cli   'install',
1 verbose cli   'webpack-dev-server',
1 verbose cli   '-g' ]
2 info using npm@2.14.4
3 info using node@v4.1.1
4 verbose install initial load of C:\Program Files\nodejs\node_global\package.json
5 verbose readDependencies loading dependencies from C:\Program Files\nodejs\node_global\package.json
6 silly cache add args [ 'webpack-dev-server', null ]
7 verbose cache add spec webpack-dev-server
8 silly cache add parsed spec Result {
8 silly cache add   raw: 'webpack-dev-server',
8 silly cache add   scope: null,
8 silly cache add   name: 'webpack-dev-server',
8 silly cache add   rawSpec: '',
8 silly cache add   spec: '*',
8 silly cache add   type: 'range' }
9 silly addNamed webpack-dev-server@*
10 verbose addNamed "*" is a valid semver range for webpack-dev-server
11 silly addNameRange { name: 'webpack-dev-server', range: '*', hasData: false }
12 silly mapToRegistry name webpack-dev-server
13 silly mapToRegistry using default registry
14 silly mapToRegistry registry https://registry.npmjs.org/
15 silly mapToRegistry uri https://registry.npmjs.org/webpack-dev-server
16 verbose addNameRange registry:https://registry.npmjs.org/webpack-dev-server not in flight; fetching
17 verbose request uri https://registry.npmjs.org/webpack-dev-server
18 verbose request no auth needed
19 info attempt registry request try #1 at 10:52:33 AM
20 verbose request id be45efa8a4948cdd
21 http request GET https://registry.npmjs.org/webpack-dev-server
22 http 200 https://registry.npmjs.org/webpack-dev-server
23 silly get cb [ 200,
23 silly get   { server: 'CouchDB/1.5.0 (Erlang OTP/R16B03)',
23 silly get     etag: '"3LKD7H3U2J47LRHWUSR8OSBEE"',
23 silly get     'content-type': 'application/json',
23 silly get     'cache-control': 'max-age=60',
23 silly get     'content-length': '89531',
23 silly get     'accept-ranges': 'bytes',
23 silly get     date: 'Thu, 24 Sep 2015 02:52:34 GMT',
23 silly get     via: '1.1 varnish',
23 silly get     age: '0',
23 silly get     connection: 'keep-alive',
23 silly get     'x-served-by': 'cache-itm7427-ITM',
23 silly get     'x-cache': 'MISS',
23 silly get     'x-cache-hits': '0',
23 silly get     'x-timer': 'S1443063154.001236,VS0,VE757',
23 silly get     vary: 'Accept' } ]
24 verbose get saving webpack-dev-server to C:\Program Files\nodejs\node_cache\registry.npmjs.org\webpack-dev-server\.cache.json
25 silly addNameRange number 2 { name: 'webpack-dev-server', range: '*', hasData: true }
26 silly addNameRange versions [ 'webpack-dev-server',
26 silly addNameRange   [ '0.6.0',
26 silly addNameRange     '0.6.1',
26 silly addNameRange     '0.6.2',
26 silly addNameRange     '0.7.0',
26 silly addNameRange     '0.7.1',
26 silly addNameRange     '0.7.2',
26 silly addNameRange     '0.8.0',
26 silly addNameRange     '0.8.1',
26 silly addNameRange     '0.8.2',
26 silly addNameRange     '0.9.0',
26 silly addNameRange     '0.9.1',
26 silly addNameRange     '0.9.2',
26 silly addNameRange     '0.9.3',
26 silly addNameRange     '0.9.4',
26 silly addNameRange     '0.10.0',
26 silly addNameRange     '0.10.1',
26 silly addNameRange     '0.11.0',
26 silly addNameRange     '0.11.1',
26 silly addNameRange     '1.0.0',
26 silly addNameRange     '1.0.1',
26 silly addNameRange     '1.0.2',
26 silly addNameRange     '1.1.0',
26 silly addNameRange     '1.2.0',
26 silly addNameRange     '1.2.1',
26 silly addNameRange     '1.2.2',
26 silly addNameRange     '1.2.3',
26 silly addNameRange     '1.2.4',
26 silly addNameRange     '1.2.5',
26 silly addNameRange     '1.2.6',
26 silly addNameRange     '1.2.7',
26 silly addNameRange     '1.2.8',
26 silly addNameRange     '1.2.9',
26 silly addNameRange     '1.3.0',
26 silly addNameRange     '1.3.1',
26 silly addNameRange     '1.3.2',
26 silly addNameRange     '1.4.0',
26 silly addNameRange     '1.4.1',
26 silly addNameRange     '1.4.2',
26 silly addNameRange     '1.4.3',
26 silly addNameRange     '1.4.4',
26 silly addNameRange     '1.4.5',
26 silly addNameRange     '1.4.6',
26 silly addNameRange     '1.4.7',
26 silly addNameRange     '1.4.9',
26 silly addNameRange     '1.4.10',
26 silly addNameRange     '1.5.0',
26 silly addNameRange     '1.6.0',
26 silly addNameRange     '1.6.1',
26 silly addNameRange     '1.6.2',
26 silly addNameRange     '1.6.3',
26 silly addNameRange     '1.6.4',
26 silly addNameRange     '1.6.5',
26 silly addNameRange     '1.6.6',
26 silly addNameRange     '1.7.0',
26 silly addNameRange     '1.8.0',
26 silly addNameRange     '1.8.1',
26 silly addNameRange     '1.8.2',
26 silly addNameRange     '1.9.0',
26 silly addNameRange     '1.10.0',
26 silly addNameRange     '1.10.1',
26 silly addNameRange     '1.11.0' ] ]
27 silly addNamed webpack-dev-server@1.11.0
28 verbose addNamed "1.11.0" is a plain semver version for webpack-dev-server
29 silly mapToRegistry name webpack-dev-server
30 silly mapToRegistry using default registry
31 silly mapToRegistry registry https://registry.npmjs.org/
32 silly mapToRegistry uri https://registry.npmjs.org/webpack-dev-server
33 verbose addRemoteTarball https://registry.npmjs.org/webpack-dev-server/-/webpack-dev-server-1.11.0.tgz not in flight; adding
34 verbose addRemoteTarball [ 'https://registry.npmjs.org/webpack-dev-server/-/webpack-dev-server-1.11.0.tgz',
34 verbose addRemoteTarball   'f89a140686d83667935534fb1f757e7d6e8fd5e8' ]
35 info retry fetch attempt 1 at 10:52:35 AM
36 info attempt registry request try #1 at 10:52:35 AM
37 http fetch GET https://registry.npmjs.org/webpack-dev-server/-/webpack-dev-server-1.11.0.tgz
38 http fetch 200 https://registry.npmjs.org/webpack-dev-server/-/webpack-dev-server-1.11.0.tgz
39 silly fetchAndShaCheck shasum f89a140686d83667935534fb1f757e7d6e8fd5e8
40 verbose addTmpTarball C:\Users\I320618\AppData\Local\Temp\npm-3272-4137b008\registry.npmjs.org\webpack-dev-server\-\webpack-dev-server-1.11.0.tgz not in flight; adding
41 verbose addTmpTarball already have metadata; skipping unpack for webpack-dev-server@1.11.0
42 verbose stack Error: EPERM: operation not permitted, mkdir 'C:\Program Files\nodejs\node_cache\webpack-dev-server'
42 verbose stack     at Error (native)
43 verbose cwd C:\Users\I320618\git\AddressBook
44 error Windows_NT 6.3.9600
45 error argv "C:\\Program Files\\nodejs\\node.exe" "C:\\Program Files\\nodejs\\node_modules\\npm\\bin\\npm-cli.js" "install" "webpack-dev-server" "-g"
46 error node v4.1.1
47 error npm  v2.14.4
48 error path C:\Program Files\nodejs\node_cache\webpack-dev-server
49 error code EPERM
50 error errno -4048
51 error syscall mkdir
52 error Error: EPERM: operation not permitted, mkdir 'C:\Program Files\nodejs\node_cache\webpack-dev-server'
52 error     at Error (native)
52 error  { [Error: EPERM: operation not permitted, mkdir 'C:\Program Files\nodejs\node_cache\webpack-dev-server']
52 error   errno: -4048,
52 error   code: 'EPERM',
52 error   syscall: 'mkdir',
52 error   path: 'C:\\Program Files\\nodejs\\node_cache\\webpack-dev-server' }
53 error Please try running this command again as root/Administrator.
54 verbose exit [ -4048, true ]
